C:\USERS\JXY\DESKTOP\操作系统实验\进程通信\MFCAPPLICATION1\MFCAPPLICATION1\DEBUG\MFCAPPLICATION1.PCH
C:\USERS\JXY\DESKTOP\操作系统实验\进程通信\MFCAPPLICATION1\MFCAPPLICATION1\DEBUG\STDAFX.OBJ
C:\USERS\JXY\DESKTOP\操作系统实验\进程通信\MFCAPPLICATION1\MFCAPPLICATION1\DEBUG\VC110.PDB
C:\USERS\JXY\DESKTOP\操作系统实验\进程通信\MFCAPPLICATION1\MFCAPPLICATION1\DEBUG\MFCAPPLICATION1.OBJ
C:\USERS\JXY\DESKTOP\操作系统实验\进程通信\MFCAPPLICATION1\MFCAPPLICATION1\DEBUG\MFCAPPLICATION1DLG.OBJ
C:\USERS\JXY\DESKTOP\操作系统实验\进程通信\MFCAPPLICATION1\MFCAPPLICATION1\DEBUG\GUANDAO.OBJ
C:\USERS\JXY\DESKTOP\操作系统实验\进程通信\MFCAPPLICATION1\MFCAPPLICATION1\DEBUG\MAILSLOT.OBJ
C:\USERS\JXY\DESKTOP\操作系统实验\进程通信\MFCAPPLICATION1\DEBUG\MFCAPPLICATION1.ILK
C:\USERS\JXY\DESKTOP\操作系统实验\进程通信\MFCAPPLICATION1\DEBUG\MFCAPPLICATION1.EXE
C:\USERS\JXY\DESKTOP\操作系统实验\进程通信\MFCAPPLICATION1\DEBUG\MFCAPPLICATION1.PDB
C:\USERS\JXY\DESKTOP\操作系统实验\进程通信\MFCAPPLICATION1\MFCAPPLICATION1\DEBUG\MFCAPPLICATION1.RES
C:\Users\jxy\Desktop\操作系统实验\进程通信\MFCApplication1\MFCApplication1\Debug\guandao.obj
C:\Users\jxy\Desktop\操作系统实验\进程通信\MFCApplication1\MFCApplication1\Debug\mailslot.obj
C:\Users\jxy\Desktop\操作系统实验\进程通信\MFCApplication1\MFCApplication1\Debug\MFCApplication1.obj
C:\Users\jxy\Desktop\操作系统实验\进程通信\MFCApplication1\MFCApplication1\Debug\MFCApplication1Dlg.obj
C:\Users\jxy\Desktop\操作系统实验\进程通信\MFCApplication1\MFCApplication1\Debug\stdafx.obj
C:\Users\jxy\Desktop\操作系统实验\进程通信\MFCApplication1\MFCApplication1\Debug\cl.command.1.tlog
C:\Users\jxy\Desktop\操作系统实验\进程通信\MFCApplication1\MFCApplication1\Debug\CL.read.1.tlog
C:\Users\jxy\Desktop\操作系统实验\进程通信\MFCApplication1\MFCApplication1\Debug\CL.write.1.tlog
C:\Users\jxy\Desktop\操作系统实验\进程通信\MFCApplication1\MFCApplication1\Debug\link-cvtres.read.1.tlog
C:\Users\jxy\Desktop\操作系统实验\进程通信\MFCApplication1\MFCApplication1\Debug\link-cvtres.write.1.tlog
C:\Users\jxy\Desktop\操作系统实验\进程通信\MFCApplication1\MFCApplication1\Debug\link-mt.read.1.tlog
C:\Users\jxy\Desktop\操作系统实验\进程通信\MFCApplication1\MFCApplication1\Debug\link-mt.write.1.tlog
C:\Users\jxy\Desktop\操作系统实验\进程通信\MFCApplication1\MFCApplication1\Debug\link-rc.read.1.tlog
C:\Users\jxy\Desktop\操作系统实验\进程通信\MFCApplication1\MFCApplication1\Debug\link-rc.write.1.tlog
C:\Users\jxy\Desktop\操作系统实验\进程通信\MFCApplication1\MFCApplication1\Debug\link.11084-cvtres.read.1.tlog
C:\Users\jxy\Desktop\操作系统实验\进程通信\MFCApplication1\MFCApplication1\Debug\link.11084-cvtres.write.1.tlog
C:\Users\jxy\Desktop\操作系统实验\进程通信\MFCApplication1\MFCApplication1\Debug\link.11084-mt.read.1.tlog
C:\Users\jxy\Desktop\操作系统实验\进程通信\MFCApplication1\MFCApplication1\Debug\link.11084-mt.write.1.tlog
C:\Users\jxy\Desktop\操作系统实验\进程通信\MFCApplication1\MFCApplication1\Debug\link.11084-rc.read.1.tlog
C:\Users\jxy\Desktop\操作系统实验\进程通信\MFCApplication1\MFCApplication1\Debug\link.11084-rc.write.1.tlog
C:\Users\jxy\Desktop\操作系统实验\进程通信\MFCApplication1\MFCApplication1\Debug\link.11084.read.1.tlog
C:\Users\jxy\Desktop\操作系统实验\进程通信\MFCApplication1\MFCApplication1\Debug\link.11084.write.1.tlog
C:\Users\jxy\Desktop\操作系统实验\进程通信\MFCApplication1\MFCApplication1\Debug\link.11708-cvtres.read.1.tlog
C:\Users\jxy\Desktop\操作系统实验\进程通信\MFCApplication1\MFCApplication1\Debug\link.11708-cvtres.write.1.tlog
C:\Users\jxy\Desktop\操作系统实验\进程通信\MFCApplication1\MFCApplication1\Debug\link.11708-mt.read.1.tlog
C:\Users\jxy\Desktop\操作系统实验\进程通信\MFCApplication1\MFCApplication1\Debug\link.11708-mt.write.1.tlog
C:\Users\jxy\Desktop\操作系统实验\进程通信\MFCApplication1\MFCApplication1\Debug\link.11708-rc.read.1.tlog
C:\Users\jxy\Desktop\操作系统实验\进程通信\MFCApplication1\MFCApplication1\Debug\link.11708-rc.write.1.tlog
C:\Users\jxy\Desktop\操作系统实验\进程通信\MFCApplication1\MFCApplication1\Debug\link.11708.read.1.tlog
C:\Users\jxy\Desktop\操作系统实验\进程通信\MFCApplication1\MFCApplication1\Debug\link.11708.write.1.tlog
C:\Users\jxy\Desktop\操作系统实验\进程通信\MFCApplication1\MFCApplication1\Debug\link.12044-cvtres.read.1.tlog
C:\Users\jxy\Desktop\操作系统实验\进程通信\MFCApplication1\MFCApplication1\Debug\link.12044-cvtres.write.1.tlog
C:\Users\jxy\Desktop\操作系统实验\进程通信\MFCApplication1\MFCApplication1\Debug\link.12044-mt.read.1.tlog
C:\Users\jxy\Desktop\操作系统实验\进程通信\MFCApplication1\MFCApplication1\Debug\link.12044-mt.write.1.tlog
C:\Users\jxy\Desktop\操作系统实验\进程通信\MFCApplication1\MFCApplication1\Debug\link.12044-rc.read.1.tlog
C:\Users\jxy\Desktop\操作系统实验\进程通信\MFCApplication1\MFCApplication1\Debug\link.12044-rc.write.1.tlog
C:\Users\jxy\Desktop\操作系统实验\进程通信\MFCApplication1\MFCApplication1\Debug\link.12044.read.1.tlog
C:\Users\jxy\Desktop\操作系统实验\进程通信\MFCApplication1\MFCApplication1\Debug\link.12044.write.1.tlog
C:\Users\jxy\Desktop\操作系统实验\进程通信\MFCApplication1\MFCApplication1\Debug\link.13296-cvtres.read.1.tlog
C:\Users\jxy\Desktop\操作系统实验\进程通信\MFCApplication1\MFCApplication1\Debug\link.13296-cvtres.write.1.tlog
C:\Users\jxy\Desktop\操作系统实验\进程通信\MFCApplication1\MFCApplication1\Debug\link.13296-mt.read.1.tlog
C:\Users\jxy\Desktop\操作系统实验\进程通信\MFCApplication1\MFCApplication1\Debug\link.13296-mt.write.1.tlog
C:\Users\jxy\Desktop\操作系统实验\进程通信\MFCApplication1\MFCApplication1\Debug\link.13296-rc.read.1.tlog
C:\Users\jxy\Desktop\操作系统实验\进程通信\MFCApplication1\MFCApplication1\Debug\link.13296-rc.write.1.tlog
C:\Users\jxy\Desktop\操作系统实验\进程通信\MFCApplication1\MFCApplication1\Debug\link.13296.read.1.tlog
C:\Users\jxy\Desktop\操作系统实验\进程通信\MFCApplication1\MFCApplication1\Debug\link.13296.write.1.tlog
C:\Users\jxy\Desktop\操作系统实验\进程通信\MFCApplication1\MFCApplication1\Debug\link.13984-cvtres.read.1.tlog
C:\Users\jxy\Desktop\操作系统实验\进程通信\MFCApplication1\MFCApplication1\Debug\link.13984-cvtres.write.1.tlog
C:\Users\jxy\Desktop\操作系统实验\进程通信\MFCApplication1\MFCApplication1\Debug\link.13984-mt.read.1.tlog
C:\Users\jxy\Desktop\操作系统实验\进程通信\MFCApplication1\MFCApplication1\Debug\link.13984-mt.write.1.tlog
C:\Users\jxy\Desktop\操作系统实验\进程通信\MFCApplication1\MFCApplication1\Debug\link.13984-rc.read.1.tlog
C:\Users\jxy\Desktop\操作系统实验\进程通信\MFCApplication1\MFCApplication1\Debug\link.13984-rc.write.1.tlog
C:\Users\jxy\Desktop\操作系统实验\进程通信\MFCApplication1\MFCApplication1\Debug\link.13984.read.1.tlog
C:\Users\jxy\Desktop\操作系统实验\进程通信\MFCApplication1\MFCApplication1\Debug\link.13984.write.1.tlog
C:\Users\jxy\Desktop\操作系统实验\进程通信\MFCApplication1\MFCApplication1\Debug\link.14272-cvtres.read.1.tlog
C:\Users\jxy\Desktop\操作系统实验\进程通信\MFCApplication1\MFCApplication1\Debug\link.14272-cvtres.write.1.tlog
C:\Users\jxy\Desktop\操作系统实验\进程通信\MFCApplication1\MFCApplication1\Debug\link.14272-mt.read.1.tlog
C:\Users\jxy\Desktop\操作系统实验\进程通信\MFCApplication1\MFCApplication1\Debug\link.14272-mt.write.1.tlog
C:\Users\jxy\Desktop\操作系统实验\进程通信\MFCApplication1\MFCApplication1\Debug\link.14272-rc.read.1.tlog
C:\Users\jxy\Desktop\操作系统实验\进程通信\MFCApplication1\MFCApplication1\Debug\link.14272-rc.write.1.tlog
C:\Users\jxy\Desktop\操作系统实验\进程通信\MFCApplication1\MFCApplication1\Debug\link.14272.read.1.tlog
C:\Users\jxy\Desktop\操作系统实验\进程通信\MFCApplication1\MFCApplication1\Debug\link.14272.write.1.tlog
C:\Users\jxy\Desktop\操作系统实验\进程通信\MFCApplication1\MFCApplication1\Debug\link.15172-cvtres.read.1.tlog
C:\Users\jxy\Desktop\操作系统实验\进程通信\MFCApplication1\MFCApplication1\Debug\link.15172-cvtres.write.1.tlog
C:\Users\jxy\Desktop\操作系统实验\进程通信\MFCApplication1\MFCApplication1\Debug\link.15172-mt.read.1.tlog
C:\Users\jxy\Desktop\操作系统实验\进程通信\MFCApplication1\MFCApplication1\Debug\link.15172-mt.write.1.tlog
C:\Users\jxy\Desktop\操作系统实验\进程通信\MFCApplication1\MFCApplication1\Debug\link.15172-rc.read.1.tlog
C:\Users\jxy\Desktop\操作系统实验\进程通信\MFCApplication1\MFCApplication1\Debug\link.15172-rc.write.1.tlog
C:\Users\jxy\Desktop\操作系统实验\进程通信\MFCApplication1\MFCApplication1\Debug\link.15172.read.1.tlog
C:\Users\jxy\Desktop\操作系统实验\进程通信\MFCApplication1\MFCApplication1\Debug\link.15172.write.1.tlog
C:\Users\jxy\Desktop\操作系统实验\进程通信\MFCApplication1\MFCApplication1\Debug\link.16104-cvtres.read.1.tlog
C:\Users\jxy\Desktop\操作系统实验\进程通信\MFCApplication1\MFCApplication1\Debug\link.16104-cvtres.write.1.tlog
C:\Users\jxy\Desktop\操作系统实验\进程通信\MFCApplication1\MFCApplication1\Debug\link.16104-mt.read.1.tlog
C:\Users\jxy\Desktop\操作系统实验\进程通信\MFCApplication1\MFCApplication1\Debug\link.16104-mt.write.1.tlog
C:\Users\jxy\Desktop\操作系统实验\进程通信\MFCApplication1\MFCApplication1\Debug\link.16104-rc.read.1.tlog
C:\Users\jxy\Desktop\操作系统实验\进程通信\MFCApplication1\MFCApplication1\Debug\link.16104-rc.write.1.tlog
C:\Users\jxy\Desktop\操作系统实验\进程通信\MFCApplication1\MFCApplication1\Debug\link.16104.read.1.tlog
C:\Users\jxy\Desktop\操作系统实验\进程通信\MFCApplication1\MFCApplication1\Debug\link.16104.write.1.tlog
C:\Users\jxy\Desktop\操作系统实验\进程通信\MFCApplication1\MFCApplication1\Debug\link.16252-cvtres.read.1.tlog
C:\Users\jxy\Desktop\操作系统实验\进程通信\MFCApplication1\MFCApplication1\Debug\link.16252-cvtres.write.1.tlog
C:\Users\jxy\Desktop\操作系统实验\进程通信\MFCApplication1\MFCApplication1\Debug\link.16252-mt.read.1.tlog
C:\Users\jxy\Desktop\操作系统实验\进程通信\MFCApplication1\MFCApplication1\Debug\link.16252-mt.write.1.tlog
C:\Users\jxy\Desktop\操作系统实验\进程通信\MFCApplication1\MFCApplication1\Debug\link.16252-rc.read.1.tlog
C:\Users\jxy\Desktop\操作系统实验\进程通信\MFCApplication1\MFCApplication1\Debug\link.16252-rc.write.1.tlog
C:\Users\jxy\Desktop\操作系统实验\进程通信\MFCApplication1\MFCApplication1\Debug\link.16252.read.1.tlog
C:\Users\jxy\Desktop\操作系统实验\进程通信\MFCApplication1\MFCApplication1\Debug\link.16252.write.1.tlog
C:\Users\jxy\Desktop\操作系统实验\进程通信\MFCApplication1\MFCApplication1\Debug\link.16272-cvtres.read.1.tlog
C:\Users\jxy\Desktop\操作系统实验\进程通信\MFCApplication1\MFCApplication1\Debug\link.16272-cvtres.write.1.tlog
C:\Users\jxy\Desktop\操作系统实验\进程通信\MFCApplication1\MFCApplication1\Debug\link.16272-mt.read.1.tlog
C:\Users\jxy\Desktop\操作系统实验\进程通信\MFCApplication1\MFCApplication1\Debug\link.16272-mt.write.1.tlog
C:\Users\jxy\Desktop\操作系统实验\进程通信\MFCApplication1\MFCApplication1\Debug\link.16272-rc.read.1.tlog
C:\Users\jxy\Desktop\操作系统实验\进程通信\MFCApplication1\MFCApplication1\Debug\link.16272-rc.write.1.tlog
C:\Users\jxy\Desktop\操作系统实验\进程通信\MFCApplication1\MFCApplication1\Debug\link.16272.read.1.tlog
C:\Users\jxy\Desktop\操作系统实验\进程通信\MFCApplication1\MFCApplication1\Debug\link.16272.write.1.tlog
C:\Users\jxy\Desktop\操作系统实验\进程通信\MFCApplication1\MFCApplication1\Debug\link.5912-cvtres.read.1.tlog
C:\Users\jxy\Desktop\操作系统实验\进程通信\MFCApplication1\MFCApplication1\Debug\link.5912-cvtres.write.1.tlog
C:\Users\jxy\Desktop\操作系统实验\进程通信\MFCApplication1\MFCApplication1\Debug\link.5912-mt.read.1.tlog
C:\Users\jxy\Desktop\操作系统实验\进程通信\MFCApplication1\MFCApplication1\Debug\link.5912-mt.write.1.tlog
C:\Users\jxy\Desktop\操作系统实验\进程通信\MFCApplication1\MFCApplication1\Debug\link.5912-rc.read.1.tlog
C:\Users\jxy\Desktop\操作系统实验\进程通信\MFCApplication1\MFCApplication1\Debug\link.5912-rc.write.1.tlog
C:\Users\jxy\Desktop\操作系统实验\进程通信\MFCApplication1\MFCApplication1\Debug\link.5912.read.1.tlog
C:\Users\jxy\Desktop\操作系统实验\进程通信\MFCApplication1\MFCApplication1\Debug\link.5912.write.1.tlog
C:\Users\jxy\Desktop\操作系统实验\进程通信\MFCApplication1\MFCApplication1\Debug\link.9428-cvtres.read.1.tlog
C:\Users\jxy\Desktop\操作系统实验\进程通信\MFCApplication1\MFCApplication1\Debug\link.9428-cvtres.write.1.tlog
C:\Users\jxy\Desktop\操作系统实验\进程通信\MFCApplication1\MFCApplication1\Debug\link.9428-mt.read.1.tlog
C:\Users\jxy\Desktop\操作系统实验\进程通信\MFCApplication1\MFCApplication1\Debug\link.9428-mt.write.1.tlog
C:\Users\jxy\Desktop\操作系统实验\进程通信\MFCApplication1\MFCApplication1\Debug\link.9428-rc.read.1.tlog
C:\Users\jxy\Desktop\操作系统实验\进程通信\MFCApplication1\MFCApplication1\Debug\link.9428-rc.write.1.tlog
C:\Users\jxy\Desktop\操作系统实验\进程通信\MFCApplication1\MFCApplication1\Debug\link.9428.read.1.tlog
C:\Users\jxy\Desktop\操作系统实验\进程通信\MFCApplication1\MFCApplication1\Debug\link.9428.write.1.tlog
C:\Users\jxy\Desktop\操作系统实验\进程通信\MFCApplication1\MFCApplication1\Debug\link.command.1.tlog
C:\Users\jxy\Desktop\操作系统实验\进程通信\MFCApplication1\MFCApplication1\Debug\link.read.1.tlog
C:\Users\jxy\Desktop\操作系统实验\进程通信\MFCApplication1\MFCApplication1\Debug\link.write.1.tlog
C:\Users\jxy\Desktop\操作系统实验\进程通信\MFCApplication1\MFCApplication1\Debug\rc.command.1.tlog
C:\Users\jxy\Desktop\操作系统实验\进程通信\MFCApplication1\MFCApplication1\Debug\rc.read.1.tlog
C:\Users\jxy\Desktop\操作系统实验\进程通信\MFCApplication1\MFCApplication1\Debug\rc.write.1.tlog
C:\Users\jxy\Desktop\操作系统实验\进程通信\MFCApplication1\MFCApplication1\Debug\MFCApplication1.res
C:\Users\jxy\Desktop\操作系统实验\进程通信\MFCApplication1\MFCApplication1\Debug\MFCApplication1.pch
C:\Users\jxy\Desktop\操作系统实验\进程通信\MFCApplication1\MFCApplication1\Debug\vc110.idb
C:\Users\jxy\Desktop\操作系统实验\进程通信\MFCApplication1\MFCApplication1\Debug\vc110.pdb
